<?xml version="1.0" encoding="UTF-8"?>
<!-- Generated by org.testng.reporters.JUnitReportReporter -->
<testsuite skipped="0" hostname="DESKTOP-CPS6JD1" name="LearningMaven.MavenDemo.TestMatchTest" tests="2" failures="0" timestamp="02 May 2020 14:04:45 GMT" time="0.000" errors="0">
  <testcase name="NinetyOvers" time="0.000" classname="LearningMaven.MavenDemo.TestMatchTest"/>
  <testcase name="fivedays" time="0.000" classname="LearningMaven.MavenDemo.TestMatchTest"/>
</testsuite> <!-- LearningMaven.MavenDemo.TestMatchTest -->
