<?xml version="1.0" encoding="UTF-8"?>
<!-- Generated by org.testng.reporters.JUnitReportReporter -->
<testsuite skipped="0" hostname="DESKTOP-CPS6JD1" name="LearningMaven.MavenDemo.ODiTest" tests="1" failures="0" timestamp="31 May 2020 16:59:10 GMT" time="0.000" errors="0">
  <testcase name="OneDayInternational" time="0.000" classname="LearningMaven.MavenDemo.ODiTest"/>
</testsuite> <!-- LearningMaven.MavenDemo.ODiTest -->
